e:\nodes and movement\deps\mathslib\lib\x64\debug\mathlib.lib
e:\nodes and movement\deps\mathslib\proj\obj\mathlib.pdb
e:\nodes and movement\deps\mathslib\proj\obj\mathlib.idb
e:\nodes and movement\deps\mathslib\proj\obj\matrix3.nativecodeanalysis.xml
e:\nodes and movement\deps\mathslib\proj\obj\matrix4.nativecodeanalysis.xml
e:\nodes and movement\deps\mathslib\proj\obj\vector2.nativecodeanalysis.xml
e:\nodes and movement\deps\mathslib\proj\obj\vector3.nativecodeanalysis.xml
e:\nodes and movement\deps\mathslib\proj\obj\vector4.nativecodeanalysis.xml
e:\nodes and movement\deps\mathslib\proj\obj\vector4.obj
e:\nodes and movement\deps\mathslib\proj\obj\vector3.obj
e:\nodes and movement\deps\mathslib\proj\obj\vector2.obj
e:\nodes and movement\deps\mathslib\proj\obj\matrix4.obj
e:\nodes and movement\deps\mathslib\proj\obj\matrix3.obj
e:\nodes and movement\deps\mathslib\proj\obj\nativecodeanalysis.read.1.tlog
e:\nodes and movement\deps\mathslib\proj\obj\vc.nativecodeanalysis.all.xml
e:\nodes and movement\deps\mathslib\proj\../lib\x64/debug\mathlib.pdb
e:\nodes and movement\deps\mathslib\proj\../lib\x64/debug\mathlib.lib
e:\nodes and movement\deps\mathslib\proj\../lib\x64/debug\mathlib.lib.lastcodeanalysissucceeded
e:\nodes and movement\deps\mathslib\proj\obj\mathlib.tlog\lib-link.read.1.tlog
e:\nodes and movement\deps\mathslib\proj\obj\mathlib.tlog\lib-link.write.1.tlog
e:\nodes and movement\deps\mathslib\proj\obj\mathlib.tlog\lib.command.1.tlog
e:\nodes and movement\deps\mathslib\proj\obj\mathlib.tlog\cl.read.1.tlog
e:\nodes and movement\deps\mathslib\proj\obj\mathlib.tlog\cl.write.1.tlog
e:\nodes and movement\deps\mathslib\proj\obj\mathlib.tlog\cl.command.1.tlog
